<?xml version="1.0" encoding="UTF-8"?>
<!-- Generated by org.testng.reporters.JUnitXMLReporter -->
<testsuite ignored="0" hostname="DESKTOP-JMKOJCR" failures="0" tests="6" name="Default test" time="38.63" errors="0" timestamp="2023-09-18T15:04:55 IST">
  <testcase classname="com.Tc.MakeOrder.AddItemToCart" name="@BeforeClass setUp" time="38.19">
    <failure type="org.openqa.selenium.NoSuchElementException" message="An element could not be located on the page using the given search parameters.
For documentation on this error, please visit: https://www.selenium.dev/documentation/webdriver/troubleshooting/errors#no-such-element-exception
Build info: version: &amp;apos;4.11.0&amp;apos;, revision: &amp;apos;040bc5406b&amp;apos;
System info: os.name: &amp;apos;Windows 10&amp;apos;, os.arch: &amp;apos;amd64&amp;apos;, os.version: &amp;apos;10.0&amp;apos;, java.version: &amp;apos;17.0.7&amp;apos;
Driver info: io.appium.java_client.android.AndroidDriver
Command: [399f3d57-6ca8-4710-942e-81070a16c032, findElement {using=id, value=com.tiffintom:id/tvSelectedCountry}]
Capabilities {appium:app: C:\Users\Lenovo\Documents\a..., appium:appActivity: com.tiffintom.ui.base.MainA..., appium:appPackage: com.tiffintom, appium:automationName: uiautomator2, appium:databaseEnabled: false, appium:desired: {app: C:\Users\Lenovo\Documents\a..., appActivity: com.tiffintom.ui.base.MainA..., appPackage: com.tiffintom, automationName: uiautomator2, deviceName: Nokia 8.1, fullReset: false, noReset: true, platformName: ANDROID, platformVersion: 11, udid: PNXID18121001695}, appium:deviceApiLevel: 30, appium:deviceManufacturer: HMD Global, appium:deviceModel: Nokia 8.1, appium:deviceName: PNXID18121001695, appium:deviceScreenDensity: 460, appium:deviceScreenSize: 1080x2246, appium:deviceUDID: PNXID18121001695, appium:fullReset: false, appium:javascriptEnabled: true, appium:locationContextEnabled: false, appium:networkConnectionEnabled: true, appium:noReset: true, appium:pixelRatio: 2.875, appium:platformVersion: 11, appium:statBarHeight: 86, appium:takesScreenshot: true, appium:udid: PNXID18121001695, appium:viewportRect: {height: 1948, left: 0, top: 86, width: 1080}, appium:warnings: {}, appium:webStorageEnabled: false, platformName: ANDROID}
Session ID: 399f3d57-6ca8-4710-942e-81070a16c032">
      <![CDATA[org.openqa.selenium.NoSuchElementException: An element could not be located on the page using the given search parameters.
For documentation on this error, please visit: https://www.selenium.dev/documentation/webdriver/troubleshooting/errors#no-such-element-exception
Build info: version: '4.11.0', revision: '040bc5406b'
System info: os.name: 'Windows 10', os.arch: 'amd64', os.version: '10.0', java.version: '17.0.7'
Driver info: io.appium.java_client.android.AndroidDriver
Command: [399f3d57-6ca8-4710-942e-81070a16c032, findElement {using=id, value=com.tiffintom:id/tvSelectedCountry}]
Capabilities {appium:app: C:\Users\Lenovo\Documents\a..., appium:appActivity: com.tiffintom.ui.base.MainA..., appium:appPackage: com.tiffintom, appium:automationName: uiautomator2, appium:databaseEnabled: false, appium:desired: {app: C:\Users\Lenovo\Documents\a..., appActivity: com.tiffintom.ui.base.MainA..., appPackage: com.tiffintom, automationName: uiautomator2, deviceName: Nokia 8.1, fullReset: false, noReset: true, platformName: ANDROID, platformVersion: 11, udid: PNXID18121001695}, appium:deviceApiLevel: 30, appium:deviceManufacturer: HMD Global, appium:deviceModel: Nokia 8.1, appium:deviceName: PNXID18121001695, appium:deviceScreenDensity: 460, appium:deviceScreenSize: 1080x2246, appium:deviceUDID: PNXID18121001695, appium:fullReset: false, appium:javascriptEnabled: true, appium:locationContextEnabled: false, appium:networkConnectionEnabled: true, appium:noReset: true, appium:pixelRatio: 2.875, appium:platformVersion: 11, appium:statBarHeight: 86, appium:takesScreenshot: true, appium:udid: PNXID18121001695, appium:viewportRect: {height: 1948, left: 0, top: 86, width: 1080}, appium:warnings: {}, appium:webStorageEnabled: false, platformName: ANDROID}
Session ID: 399f3d57-6ca8-4710-942e-81070a16c032
at java.base/jdk.internal.reflect.NativeConstructorAccessorImpl.newInstance0(Native Method)
at java.base/jdk.internal.reflect.NativeConstructorAccessorImpl.newInstance(NativeConstructorAccessorImpl.java:77)
at java.base/jdk.internal.reflect.DelegatingConstructorAccessorImpl.newInstance(DelegatingConstructorAccessorImpl.java:45)
at java.base/java.lang.reflect.Constructor.newInstanceWithCaller(Constructor.java:499)
at java.base/java.lang.reflect.Constructor.newInstance(Constructor.java:480)
at org.openqa.selenium.remote.codec.w3c.W3CHttpResponseCodec.createException(W3CHttpResponseCodec.java:200)
at org.openqa.selenium.remote.codec.w3c.W3CHttpResponseCodec.decode(W3CHttpResponseCodec.java:133)
at org.openqa.selenium.remote.codec.w3c.W3CHttpResponseCodec.decode(W3CHttpResponseCodec.java:52)
at org.openqa.selenium.remote.HttpCommandExecutor.execute(HttpCommandExecutor.java:191)
at io.appium.java_client.remote.AppiumCommandExecutor.execute(AppiumCommandExecutor.java:250)
at org.openqa.selenium.remote.RemoteWebDriver.execute(RemoteWebDriver.java:518)
at org.openqa.selenium.remote.ElementLocation$ElementFinder$2.findElement(ElementLocation.java:165)
at org.openqa.selenium.remote.ElementLocation.findElement(ElementLocation.java:66)
at org.openqa.selenium.remote.RemoteWebDriver.findElement(RemoteWebDriver.java:355)
at org.openqa.selenium.remote.RemoteWebDriver.findElement(RemoteWebDriver.java:349)
at com.Tc.BasePackage.BaseInit.startUp(BaseInit.java:83)
at com.Tc.MakeOrder.AddItemToCart.setUp(AddItemToCart.java:15)
at java.base/jdk.internal.reflect.NativeMethodAccessorImpl.invoke0(Native Method)
at java.base/jdk.internal.reflect.NativeMethodAccessorImpl.invoke(NativeMethodAccessorImpl.java:77)
at java.base/jdk.internal.reflect.DelegatingMethodAccessorImpl.invoke(DelegatingMethodAccessorImpl.java:43)
at java.base/java.lang.reflect.Method.invoke(Method.java:568)
at org.testng.internal.invokers.MethodInvocationHelper.invokeMethod(MethodInvocationHelper.java:139)
at org.testng.internal.invokers.MethodInvocationHelper.invokeMethodConsideringTimeout(MethodInvocationHelper.java:69)
at org.testng.internal.invokers.ConfigInvoker.invokeConfigurationMethod(ConfigInvoker.java:390)
at org.testng.internal.invokers.ConfigInvoker.invokeConfigurations(ConfigInvoker.java:325)
at org.testng.internal.invokers.TestMethodWorker.invokeBeforeClassMethods(TestMethodWorker.java:180)
at org.testng.internal.invokers.TestMethodWorker.run(TestMethodWorker.java:122)
at java.base/java.util.ArrayList.forEach(ArrayList.java:1511)
at org.testng.TestRunner.privateRun(TestRunner.java:848)
at org.testng.TestRunner.run(TestRunner.java:621)
at org.testng.SuiteRunner.runTest(SuiteRunner.java:443)
at org.testng.SuiteRunner.runSequentially(SuiteRunner.java:437)
at org.testng.SuiteRunner.privateRun(SuiteRunner.java:397)
at org.testng.SuiteRunner.run(SuiteRunner.java:336)
at org.testng.SuiteRunnerWorker.runSuite(SuiteRunnerWorker.java:52)
at org.testng.SuiteRunnerWorker.run(SuiteRunnerWorker.java:95)
at org.testng.TestNG.runSuitesSequentially(TestNG.java:1280)
at org.testng.TestNG.runSuitesLocally(TestNG.java:1200)
at org.testng.TestNG.runSuites(TestNG.java:1114)
at org.testng.TestNG.run(TestNG.java:1082)
at org.testng.remote.AbstractRemoteTestNG.run(AbstractRemoteTestNG.java:115)
at org.testng.remote.RemoteTestNG.initAndRun(RemoteTestNG.java:251)
at org.testng.remote.RemoteTestNG.main(RemoteTestNG.java:77)
]]>
    </failure>
  </testcase> <!-- @BeforeClass setUp -->
  <testcase classname="com.Tc.MakeOrder.AddItemToCart" name="@AfterClass tearDown" time="0.0">
    <skipped/>
  </testcase> <!-- @AfterClass tearDown -->
  <testcase classname="com.Tc.MakeOrder.AddItemToCart" name="testLogIn" time="0.0">
    <skipped/>
  </testcase> <!-- testLogIn -->
  <testcase classname="com.Tc.MakeOrder.AddItemToCart" name="searchRestaurantMethod" time="0.0">
    <skipped/>
  </testcase> <!-- searchRestaurantMethod -->
  <testcase classname="com.Tc.MakeOrder.AddItemToCart" name="searchItemMethod" time="0.0">
    <skipped/>
  </testcase> <!-- searchItemMethod -->
  <testcase classname="com.Tc.MakeOrder.AddItemToCart" name="OrderPlace" time="0.0">
    <skipped/>
  </testcase> <!-- OrderPlace -->
  <testcase classname="com.Tc.MakeOrder.AddItemToCart" name="doPayment" time="0.0">
    <skipped/>
  </testcase> <!-- doPayment -->
  <testcase classname="com.Tc.MakeOrder.AddItemToCart" name="appLogout" time="0.0">
    <skipped/>
  </testcase> <!-- appLogout -->
</testsuite> <!-- Default test -->
